Copyright 1986-2019 Xilinx, Inc. All Rights Reserved.
------------------------------------------------------------------------------------
| Tool Version : Vivado v.2019.1 (win64) Build 2552052 Fri May 24 14:49:42 MDT 2019
| Date         : Tue Jun 14 09:50:56 2022
| Host         : DESKTOP-DNFSS87 running 64-bit major release  (build 9200)
| Command      : upgrade_ip
| Device       : xc7z020clg484-1
------------------------------------------------------------------------------------

Upgrade Log for IP 'design_1_AXI_FIFO_0_0'

1. Summary
----------

SUCCESS in the upgrade of design_1_AXI_FIFO_0_0 (xilinx.com:user:AXI_FIFO:1.0) from (Rev. 44) to (Rev. 46)






Copyright 1986-2019 Xilinx, Inc. All Rights Reserved.
------------------------------------------------------------------------------------
| Tool Version : Vivado v.2019.1 (win64) Build 2552052 Fri May 24 14:49:42 MDT 2019
| Date         : Tue Jun 14 09:40:22 2022
| Host         : DESKTOP-DNFSS87 running 64-bit major release  (build 9200)
| Command      : upgrade_ip
| Device       : xc7z020clg484-1
------------------------------------------------------------------------------------

Upgrade Log for IP 'design_1_AXI_FIFO_0_0'

1. Summary
----------

SUCCESS in the upgrade of design_1_AXI_FIFO_0_0 (xilinx.com:user:AXI_FIFO:1.0) from (Rev. 42) to (Rev. 44)






Copyright 1986-2019 Xilinx, Inc. All Rights Reserved.
------------------------------------------------------------------------------------
| Tool Version : Vivado v.2019.1 (win64) Build 2552052 Fri May 24 14:49:42 MDT 2019
| Date         : Tue Jun 14 09:30:58 2022
| Host         : DESKTOP-DNFSS87 running 64-bit major release  (build 9200)
| Command      : upgrade_ip
| Device       : xc7z020clg484-1
------------------------------------------------------------------------------------

Upgrade Log for IP 'design_1_AXI_FIFO_0_0'

1. Summary
----------

SUCCESS in the upgrade of design_1_AXI_FIFO_0_0 (xilinx.com:user:AXI_FIFO:1.0) from (Rev. 40) to (Rev. 42)






Copyright 1986-2019 Xilinx, Inc. All Rights Reserved.
------------------------------------------------------------------------------------
| Tool Version : Vivado v.2019.1 (win64) Build 2552052 Fri May 24 14:49:42 MDT 2019
| Date         : Tue Jun 14 09:21:46 2022
| Host         : DESKTOP-DNFSS87 running 64-bit major release  (build 9200)
| Command      : upgrade_ip
| Device       : xc7z020clg484-1
------------------------------------------------------------------------------------

Upgrade Log for IP 'design_1_AXI_FIFO_0_0'

1. Summary
----------

SUCCESS in the upgrade of design_1_AXI_FIFO_0_0 (xilinx.com:user:AXI_FIFO:1.0) from (Rev. 38) to (Rev. 40)






Copyright 1986-2019 Xilinx, Inc. All Rights Reserved.
------------------------------------------------------------------------------------
| Tool Version : Vivado v.2019.1 (win64) Build 2552052 Fri May 24 14:49:42 MDT 2019
| Date         : Mon Jun 13 19:38:11 2022
| Host         : DESKTOP-DNFSS87 running 64-bit major release  (build 9200)
| Command      : upgrade_ip
| Device       : xc7z020clg484-1
------------------------------------------------------------------------------------

Upgrade Log for IP 'design_1_AXI_FIFO_0_0'

1. Summary
----------

SUCCESS in the upgrade of design_1_AXI_FIFO_0_0 (xilinx.com:user:AXI_FIFO:1.0) from (Rev. 37) to (Rev. 38)






Copyright 1986-2019 Xilinx, Inc. All Rights Reserved.
------------------------------------------------------------------------------------
| Tool Version : Vivado v.2019.1 (win64) Build 2552052 Fri May 24 14:49:42 MDT 2019
| Date         : Mon Jun 13 19:33:41 2022
| Host         : DESKTOP-DNFSS87 running 64-bit major release  (build 9200)
| Command      : upgrade_ip
| Device       : xc7z020clg484-1
------------------------------------------------------------------------------------

Upgrade Log for IP 'design_1_AXI_FIFO_0_0'

1. Summary
----------

SUCCESS in the upgrade of design_1_AXI_FIFO_0_0 (xilinx.com:user:AXI_FIFO:1.0) from (Rev. 36) to (Rev. 37)






Copyright 1986-2019 Xilinx, Inc. All Rights Reserved.
------------------------------------------------------------------------------------
| Tool Version : Vivado v.2019.1 (win64) Build 2552052 Fri May 24 14:49:42 MDT 2019
| Date         : Mon Jun 13 19:28:09 2022
| Host         : DESKTOP-DNFSS87 running 64-bit major release  (build 9200)
| Command      : upgrade_ip
| Device       : xc7z020clg484-1
------------------------------------------------------------------------------------

Upgrade Log for IP 'design_1_AXI_FIFO_0_0'

1. Summary
----------

SUCCESS in the upgrade of design_1_AXI_FIFO_0_0 (xilinx.com:user:AXI_FIFO:1.0) from (Rev. 35) to (Rev. 36)






Copyright 1986-2019 Xilinx, Inc. All Rights Reserved.
------------------------------------------------------------------------------------
| Tool Version : Vivado v.2019.1 (win64) Build 2552052 Fri May 24 14:49:42 MDT 2019
| Date         : Mon Jun 13 19:26:13 2022
| Host         : DESKTOP-DNFSS87 running 64-bit major release  (build 9200)
| Command      : upgrade_ip
| Device       : xc7z020clg484-1
------------------------------------------------------------------------------------

Upgrade Log for IP 'design_1_AXI_FIFO_0_0'

1. Summary
----------

SUCCESS in the upgrade of design_1_AXI_FIFO_0_0 (xilinx.com:user:AXI_FIFO:1.0) from (Rev. 34) to (Rev. 35)






Copyright 1986-2019 Xilinx, Inc. All Rights Reserved.
------------------------------------------------------------------------------------
| Tool Version : Vivado v.2019.1 (win64) Build 2552052 Fri May 24 14:49:42 MDT 2019
| Date         : Mon Jun 13 19:24:12 2022
| Host         : DESKTOP-DNFSS87 running 64-bit major release  (build 9200)
| Command      : upgrade_ip
| Device       : xc7z020clg484-1
------------------------------------------------------------------------------------

Upgrade Log for IP 'design_1_AXI_FIFO_0_0'

1. Summary
----------

SUCCESS in the upgrade of design_1_AXI_FIFO_0_0 (xilinx.com:user:AXI_FIFO:1.0) from (Rev. 33) to (Rev. 34)






Copyright 1986-2019 Xilinx, Inc. All Rights Reserved.
------------------------------------------------------------------------------------
| Tool Version : Vivado v.2019.1 (win64) Build 2552052 Fri May 24 14:49:42 MDT 2019
| Date         : Mon Jun 13 19:19:11 2022
| Host         : DESKTOP-DNFSS87 running 64-bit major release  (build 9200)
| Command      : upgrade_ip
| Device       : xc7z020clg484-1
------------------------------------------------------------------------------------

Upgrade Log for IP 'design_1_AXI_FIFO_0_0'

1. Summary
----------

SUCCESS in the conversion of design_1_AXI_FIFO_0_0 (xilinx.com:user:AXI_FIFO:1.0 (Rev. 33)) to Vivado generation flows.






Copyright 1986-2019 Xilinx, Inc. All Rights Reserved.
------------------------------------------------------------------------------------
| Tool Version : Vivado v.2019.1 (win64) Build 2552052 Fri May 24 14:49:42 MDT 2019
| Date         : Mon Jun 13 19:18:49 2022
| Host         : DESKTOP-DNFSS87 running 64-bit major release  (build 9200)
| Command      : upgrade_ip
| Device       : xc7z020clg484-1
------------------------------------------------------------------------------------

Upgrade Log for IP 'design_1_AXI_FIFO_0_0'

1. Summary
----------

SUCCESS in the conversion of design_1_AXI_FIFO_0_0 (xilinx.com:user:AXI_FIFO:1.0 (Rev. 33)) to Vivado generation flows.






Copyright 1986-2019 Xilinx, Inc. All Rights Reserved.
------------------------------------------------------------------------------------
| Tool Version : Vivado v.2019.1 (win64) Build 2552052 Fri May 24 14:49:42 MDT 2019
| Date         : Mon Jun 13 19:12:50 2022
| Host         : DESKTOP-DNFSS87 running 64-bit major release  (build 9200)
| Command      : upgrade_ip
| Device       : xc7z020clg484-1
------------------------------------------------------------------------------------

Upgrade Log for IP 'design_1_AXI_FIFO_0_0'

1. Summary
----------

SUCCESS in the conversion of design_1_AXI_FIFO_0_0 (xilinx.com:user:AXI_FIFO:1.0 (Rev. 33)) to Vivado generation flows.






Copyright 1986-2019 Xilinx, Inc. All Rights Reserved.
------------------------------------------------------------------------------------
| Tool Version : Vivado v.2019.1 (win64) Build 2552052 Fri May 24 14:49:42 MDT 2019
| Date         : Mon Jun 13 19:08:38 2022
| Host         : DESKTOP-DNFSS87 running 64-bit major release  (build 9200)
| Command      : upgrade_ip
| Device       : xc7z020clg484-1
------------------------------------------------------------------------------------

Upgrade Log for IP 'design_1_AXI_FIFO_0_0'

1. Summary
----------

SUCCESS in the conversion of design_1_AXI_FIFO_0_0 (xilinx.com:user:AXI_FIFO:1.0 (Rev. 33)) to Vivado generation flows.






Copyright 1986-2019 Xilinx, Inc. All Rights Reserved.
------------------------------------------------------------------------------------
| Tool Version : Vivado v.2019.1 (win64) Build 2552052 Fri May 24 14:49:42 MDT 2019
| Date         : Mon Jun 13 19:06:42 2022
| Host         : DESKTOP-DNFSS87 running 64-bit major release  (build 9200)
| Command      : upgrade_ip
| Device       : xc7z020clg484-1
------------------------------------------------------------------------------------

Upgrade Log for IP 'design_1_AXI_FIFO_0_0'

1. Summary
----------

SUCCESS in the conversion of design_1_AXI_FIFO_0_0 (xilinx.com:user:AXI_FIFO:1.0 (Rev. 33)) to Vivado generation flows.






Copyright 1986-2019 Xilinx, Inc. All Rights Reserved.
------------------------------------------------------------------------------------
| Tool Version : Vivado v.2019.1 (win64) Build 2552052 Fri May 24 14:49:42 MDT 2019
| Date         : Mon Jun 13 19:04:10 2022
| Host         : DESKTOP-DNFSS87 running 64-bit major release  (build 9200)
| Command      : upgrade_ip
| Device       : xc7z020clg484-1
------------------------------------------------------------------------------------

Upgrade Log for IP 'design_1_AXI_FIFO_0_0'

1. Summary
----------

SUCCESS in the conversion of design_1_AXI_FIFO_0_0 (xilinx.com:user:AXI_FIFO:1.0 (Rev. 33)) to Vivado generation flows.






Copyright 1986-2019 Xilinx, Inc. All Rights Reserved.
------------------------------------------------------------------------------------
| Tool Version : Vivado v.2019.1 (win64) Build 2552052 Fri May 24 14:49:42 MDT 2019
| Date         : Mon Jun 13 18:57:47 2022
| Host         : DESKTOP-DNFSS87 running 64-bit major release  (build 9200)
| Command      : upgrade_ip
| Device       : xc7z020clg484-1
------------------------------------------------------------------------------------

Upgrade Log for IP 'design_1_AXI_FIFO_0_0'

1. Summary
----------

SUCCESS in the upgrade of design_1_AXI_FIFO_0_0 (xilinx.com:user:AXI_FIFO:1.0) from (Rev. 31) to (Rev. 33)






Copyright 1986-2019 Xilinx, Inc. All Rights Reserved.
------------------------------------------------------------------------------------
| Tool Version : Vivado v.2019.1 (win64) Build 2552052 Fri May 24 14:49:42 MDT 2019
| Date         : Mon Jun 13 18:53:03 2022
| Host         : DESKTOP-DNFSS87 running 64-bit major release  (build 9200)
| Command      : upgrade_ip
| Device       : xc7z020clg484-1
------------------------------------------------------------------------------------

Upgrade Log for IP 'design_1_AXI_FIFO_0_0'

1. Summary
----------

SUCCESS in the upgrade of design_1_AXI_FIFO_0_0 (xilinx.com:user:AXI_FIFO:1.0) from (Rev. 30) to (Rev. 31)






Copyright 1986-2019 Xilinx, Inc. All Rights Reserved.
------------------------------------------------------------------------------------
| Tool Version : Vivado v.2019.1 (win64) Build 2552052 Fri May 24 14:49:42 MDT 2019
| Date         : Mon Jun 13 18:51:11 2022
| Host         : DESKTOP-DNFSS87 running 64-bit major release  (build 9200)
| Command      : upgrade_ip
| Device       : xc7z020clg484-1
------------------------------------------------------------------------------------

Upgrade Log for IP 'design_1_AXI_FIFO_0_0'

1. Summary
----------

SUCCESS in the conversion of design_1_AXI_FIFO_0_0 (xilinx.com:user:AXI_FIFO:1.0 (Rev. 30)) to Vivado generation flows.






Copyright 1986-2019 Xilinx, Inc. All Rights Reserved.
------------------------------------------------------------------------------------
| Tool Version : Vivado v.2019.1 (win64) Build 2552052 Fri May 24 14:49:42 MDT 2019
| Date         : Mon Jun 13 18:39:25 2022
| Host         : DESKTOP-DNFSS87 running 64-bit major release  (build 9200)
| Command      : upgrade_ip
| Device       : xc7z020clg484-1
------------------------------------------------------------------------------------

Upgrade Log for IP 'design_1_AXI_FIFO_0_0'

1. Summary
----------

SUCCESS in the upgrade of design_1_AXI_FIFO_0_0 (xilinx.com:user:AXI_FIFO:1.0) from (Rev. 29) to (Rev. 30)






Copyright 1986-2019 Xilinx, Inc. All Rights Reserved.
------------------------------------------------------------------------------------
| Tool Version : Vivado v.2019.1 (win64) Build 2552052 Fri May 24 14:49:42 MDT 2019
| Date         : Mon Jun 13 18:37:05 2022
| Host         : DESKTOP-DNFSS87 running 64-bit major release  (build 9200)
| Command      : upgrade_ip
| Device       : xc7z020clg484-1
------------------------------------------------------------------------------------

Upgrade Log for IP 'design_1_AXI_FIFO_0_0'

1. Summary
----------

SUCCESS in the upgrade of design_1_AXI_FIFO_0_0 (xilinx.com:user:AXI_FIFO:1.0) from (Rev. 28) to (Rev. 29)






Copyright 1986-2019 Xilinx, Inc. All Rights Reserved.
------------------------------------------------------------------------------------
| Tool Version : Vivado v.2019.1 (win64) Build 2552052 Fri May 24 14:49:42 MDT 2019
| Date         : Mon Jun 13 18:36:27 2022
| Host         : DESKTOP-DNFSS87 running 64-bit major release  (build 9200)
| Command      : upgrade_ip
| Device       : xc7z020clg484-1
------------------------------------------------------------------------------------

Upgrade Log for IP 'design_1_AXI_FIFO_0_0'

1. Summary
----------

SUCCESS in the upgrade of design_1_AXI_FIFO_0_0 (xilinx.com:user:AXI_FIFO:1.0) from (Rev. 27) to (Rev. 28)






Copyright 1986-2019 Xilinx, Inc. All Rights Reserved.
------------------------------------------------------------------------------------
| Tool Version : Vivado v.2019.1 (win64) Build 2552052 Fri May 24 14:49:42 MDT 2019
| Date         : Mon Jun 13 18:35:02 2022
| Host         : DESKTOP-DNFSS87 running 64-bit major release  (build 9200)
| Command      : upgrade_ip
| Device       : xc7z020clg484-1
------------------------------------------------------------------------------------

Upgrade Log for IP 'design_1_AXI_FIFO_0_0'

1. Summary
----------

SUCCESS in the upgrade of design_1_AXI_FIFO_0_0 (xilinx.com:user:AXI_FIFO:1.0) from (Rev. 26) to (Rev. 27)






Copyright 1986-2019 Xilinx, Inc. All Rights Reserved.
------------------------------------------------------------------------------------
| Tool Version : Vivado v.2019.1 (win64) Build 2552052 Fri May 24 14:49:42 MDT 2019
| Date         : Mon Jun 13 18:33:33 2022
| Host         : DESKTOP-DNFSS87 running 64-bit major release  (build 9200)
| Command      : upgrade_ip
| Device       : xc7z020clg484-1
------------------------------------------------------------------------------------

Upgrade Log for IP 'design_1_AXI_FIFO_0_0'

1. Summary
----------

SUCCESS in the upgrade of design_1_AXI_FIFO_0_0 (xilinx.com:user:AXI_FIFO:1.0) from (Rev. 25) to (Rev. 26)






Copyright 1986-2019 Xilinx, Inc. All Rights Reserved.
------------------------------------------------------------------------------------
| Tool Version : Vivado v.2019.1 (win64) Build 2552052 Fri May 24 14:49:42 MDT 2019
| Date         : Mon Jun 13 18:30:21 2022
| Host         : DESKTOP-DNFSS87 running 64-bit major release  (build 9200)
| Command      : upgrade_ip
| Device       : xc7z020clg484-1
------------------------------------------------------------------------------------

Upgrade Log for IP 'design_1_AXI_FIFO_0_0'

1. Summary
----------

SUCCESS in the upgrade of design_1_AXI_FIFO_0_0 (xilinx.com:user:AXI_FIFO:1.0) from (Rev. 24) to (Rev. 25)






Copyright 1986-2019 Xilinx, Inc. All Rights Reserved.
------------------------------------------------------------------------------------
| Tool Version : Vivado v.2019.1 (win64) Build 2552052 Fri May 24 14:49:42 MDT 2019
| Date         : Mon Jun 13 18:28:09 2022
| Host         : DESKTOP-DNFSS87 running 64-bit major release  (build 9200)
| Command      : upgrade_ip
| Device       : xc7z020clg484-1
------------------------------------------------------------------------------------

Upgrade Log for IP 'design_1_AXI_FIFO_0_0'

1. Summary
----------

SUCCESS in the conversion of design_1_AXI_FIFO_0_0 (xilinx.com:user:AXI_FIFO:1.0 (Rev. 24)) to Vivado generation flows.






Copyright 1986-2019 Xilinx, Inc. All Rights Reserved.
------------------------------------------------------------------------------------
| Tool Version : Vivado v.2019.1 (win64) Build 2552052 Fri May 24 14:49:42 MDT 2019
| Date         : Mon Jun 13 18:27:56 2022
| Host         : DESKTOP-DNFSS87 running 64-bit major release  (build 9200)
| Command      : upgrade_ip
| Device       : xc7z020clg484-1
------------------------------------------------------------------------------------

Upgrade Log for IP 'design_1_AXI_FIFO_0_0'

1. Summary
----------

SUCCESS in the upgrade of design_1_AXI_FIFO_0_0 (xilinx.com:user:AXI_FIFO:1.0) from (Rev. 23) to (Rev. 24)






Copyright 1986-2019 Xilinx, Inc. All Rights Reserved.
------------------------------------------------------------------------------------
| Tool Version : Vivado v.2019.1 (win64) Build 2552052 Fri May 24 14:49:42 MDT 2019
| Date         : Mon Jun 13 18:26:42 2022
| Host         : DESKTOP-DNFSS87 running 64-bit major release  (build 9200)
| Command      : upgrade_ip
| Device       : xc7z020clg484-1
------------------------------------------------------------------------------------

Upgrade Log for IP 'design_1_AXI_FIFO_0_0'

1. Summary
----------

SUCCESS in the upgrade of design_1_AXI_FIFO_0_0 (xilinx.com:user:AXI_FIFO:1.0) from (Rev. 22) to (Rev. 23)






Copyright 1986-2019 Xilinx, Inc. All Rights Reserved.
------------------------------------------------------------------------------------
| Tool Version : Vivado v.2019.1 (win64) Build 2552052 Fri May 24 14:49:42 MDT 2019
| Date         : Mon Jun 13 18:22:41 2022
| Host         : DESKTOP-DNFSS87 running 64-bit major release  (build 9200)
| Command      : upgrade_ip
| Device       : xc7z020clg484-1
------------------------------------------------------------------------------------

Upgrade Log for IP 'design_1_AXI_FIFO_0_0'

1. Summary
----------

SUCCESS in the upgrade of design_1_AXI_FIFO_0_0 (xilinx.com:user:AXI_FIFO:1.0) from (Rev. 21) to (Rev. 22)






Copyright 1986-2019 Xilinx, Inc. All Rights Reserved.
------------------------------------------------------------------------------------
| Tool Version : Vivado v.2019.1 (win64) Build 2552052 Fri May 24 14:49:42 MDT 2019
| Date         : Mon Jun 13 18:19:43 2022
| Host         : DESKTOP-DNFSS87 running 64-bit major release  (build 9200)
| Command      : upgrade_ip
| Device       : xc7z020clg484-1
------------------------------------------------------------------------------------

Upgrade Log for IP 'design_1_AXI_FIFO_0_0'

1. Summary
----------

SUCCESS in the upgrade of design_1_AXI_FIFO_0_0 (xilinx.com:user:AXI_FIFO:1.0) from (Rev. 20) to (Rev. 21)






Copyright 1986-2019 Xilinx, Inc. All Rights Reserved.
------------------------------------------------------------------------------------
| Tool Version : Vivado v.2019.1 (win64) Build 2552052 Fri May 24 14:49:42 MDT 2019
| Date         : Mon Jun 13 18:18:44 2022
| Host         : DESKTOP-DNFSS87 running 64-bit major release  (build 9200)
| Command      : upgrade_ip
| Device       : xc7z020clg484-1
------------------------------------------------------------------------------------

Upgrade Log for IP 'design_1_AXI_FIFO_0_0'

1. Summary
----------

SUCCESS in the upgrade of design_1_AXI_FIFO_0_0 (xilinx.com:user:AXI_FIFO:1.0) from (Rev. 19) to (Rev. 20)






Copyright 1986-2019 Xilinx, Inc. All Rights Reserved.
------------------------------------------------------------------------------------
| Tool Version : Vivado v.2019.1 (win64) Build 2552052 Fri May 24 14:49:42 MDT 2019
| Date         : Mon Jun 13 18:16:54 2022
| Host         : DESKTOP-DNFSS87 running 64-bit major release  (build 9200)
| Command      : upgrade_ip
| Device       : xc7z020clg484-1
------------------------------------------------------------------------------------

Upgrade Log for IP 'design_1_AXI_FIFO_0_0'

1. Summary
----------

SUCCESS in the upgrade of design_1_AXI_FIFO_0_0 (xilinx.com:user:AXI_FIFO:1.0) from (Rev. 18) to (Rev. 19)






Copyright 1986-2019 Xilinx, Inc. All Rights Reserved.
------------------------------------------------------------------------------------
| Tool Version : Vivado v.2019.1 (win64) Build 2552052 Fri May 24 14:49:42 MDT 2019
| Date         : Mon Jun 13 18:10:25 2022
| Host         : DESKTOP-DNFSS87 running 64-bit major release  (build 9200)
| Command      : upgrade_ip
| Device       : xc7z020clg484-1
------------------------------------------------------------------------------------

Upgrade Log for IP 'design_1_AXI_FIFO_0_0'

1. Summary
----------

SUCCESS in the conversion of design_1_AXI_FIFO_0_0 (xilinx.com:user:AXI_FIFO:1.0 (Rev. 18)) to Vivado generation flows.






Copyright 1986-2019 Xilinx, Inc. All Rights Reserved.
------------------------------------------------------------------------------------
| Tool Version : Vivado v.2019.1 (win64) Build 2552052 Fri May 24 14:49:42 MDT 2019
| Date         : Mon Jun 13 17:52:42 2022
| Host         : DESKTOP-DNFSS87 running 64-bit major release  (build 9200)
| Command      : upgrade_ip
| Device       : xc7z020clg484-1
------------------------------------------------------------------------------------

Upgrade Log for IP 'design_1_AXI_FIFO_0_0'

1. Summary
----------

SUCCESS in the upgrade of design_1_AXI_FIFO_0_0 (xilinx.com:user:AXI_FIFO:1.0) from (Rev. 17) to (Rev. 18)






Copyright 1986-2019 Xilinx, Inc. All Rights Reserved.
------------------------------------------------------------------------------------
| Tool Version : Vivado v.2019.1 (win64) Build 2552052 Fri May 24 14:49:42 MDT 2019
| Date         : Mon Jun 13 17:48:15 2022
| Host         : DESKTOP-DNFSS87 running 64-bit major release  (build 9200)
| Command      : upgrade_ip
| Device       : xc7z020clg484-1
------------------------------------------------------------------------------------

Upgrade Log for IP 'design_1_AXI_FIFO_0_0'

1. Summary
----------

SUCCESS in the upgrade of design_1_AXI_FIFO_0_0 (xilinx.com:user:AXI_FIFO:1.0) from (Rev. 16) to (Rev. 17)






Copyright 1986-2019 Xilinx, Inc. All Rights Reserved.
------------------------------------------------------------------------------------
| Tool Version : Vivado v.2019.1 (win64) Build 2552052 Fri May 24 14:49:42 MDT 2019
| Date         : Mon Jun 13 17:42:43 2022
| Host         : DESKTOP-DNFSS87 running 64-bit major release  (build 9200)
| Command      : upgrade_ip
| Device       : xc7z020clg484-1
------------------------------------------------------------------------------------

Upgrade Log for IP 'design_1_AXI_FIFO_0_0'

1. Summary
----------

SUCCESS in the upgrade of design_1_AXI_FIFO_0_0 (xilinx.com:user:AXI_FIFO:1.0) from (Rev. 15) to (Rev. 16)






Copyright 1986-2019 Xilinx, Inc. All Rights Reserved.
------------------------------------------------------------------------------------
| Tool Version : Vivado v.2019.1 (win64) Build 2552052 Fri May 24 14:49:42 MDT 2019
| Date         : Mon Jun 13 17:40:32 2022
| Host         : DESKTOP-DNFSS87 running 64-bit major release  (build 9200)
| Command      : upgrade_ip
| Device       : xc7z020clg484-1
------------------------------------------------------------------------------------

Upgrade Log for IP 'design_1_AXI_FIFO_0_0'

1. Summary
----------

SUCCESS in the upgrade of design_1_AXI_FIFO_0_0 (xilinx.com:user:AXI_FIFO:1.0) from (Rev. 14) to (Rev. 15)






Copyright 1986-2019 Xilinx, Inc. All Rights Reserved.
------------------------------------------------------------------------------------
| Tool Version : Vivado v.2019.1 (win64) Build 2552052 Fri May 24 14:49:42 MDT 2019
| Date         : Mon Jun 13 17:37:01 2022
| Host         : DESKTOP-DNFSS87 running 64-bit major release  (build 9200)
| Command      : upgrade_ip
| Device       : xc7z020clg484-1
------------------------------------------------------------------------------------

Upgrade Log for IP 'design_1_AXI_FIFO_0_0'

1. Summary
----------

SUCCESS in the conversion of design_1_AXI_FIFO_0_0 (xilinx.com:user:AXI_FIFO:1.0 (Rev. 14)) to Vivado generation flows.






Copyright 1986-2019 Xilinx, Inc. All Rights Reserved.
------------------------------------------------------------------------------------
| Tool Version : Vivado v.2019.1 (win64) Build 2552052 Fri May 24 14:49:42 MDT 2019
| Date         : Mon Jun 13 17:31:14 2022
| Host         : DESKTOP-DNFSS87 running 64-bit major release  (build 9200)
| Command      : upgrade_ip
| Device       : xc7z020clg484-1
------------------------------------------------------------------------------------

Upgrade Log for IP 'design_1_AXI_FIFO_0_0'

1. Summary
----------

SUCCESS in the conversion of design_1_AXI_FIFO_0_0 (xilinx.com:user:AXI_FIFO:1.0 (Rev. 14)) to Vivado generation flows.






Copyright 1986-2019 Xilinx, Inc. All Rights Reserved.
------------------------------------------------------------------------------------
| Tool Version : Vivado v.2019.1 (win64) Build 2552052 Fri May 24 14:49:42 MDT 2019
| Date         : Tue May 31 21:53:12 2022
| Host         : DESKTOP-L02VVP3 running 64-bit major release  (build 9200)
| Command      : upgrade_ip
| Device       : xc7z020clg484-1
------------------------------------------------------------------------------------

Upgrade Log for IP 'design_1_AXI_FIFO_0_0'

1. Summary
----------

SUCCESS in the upgrade of design_1_AXI_FIFO_0_0 (xilinx.com:user:AXI_FIFO:1.0) from (Rev. 13) to (Rev. 14)






Copyright 1986-2019 Xilinx, Inc. All Rights Reserved.
------------------------------------------------------------------------------------
| Tool Version : Vivado v.2019.1 (win64) Build 2552052 Fri May 24 14:49:42 MDT 2019
| Date         : Tue May 31 21:49:40 2022
| Host         : DESKTOP-L02VVP3 running 64-bit major release  (build 9200)
| Command      : upgrade_ip
| Device       : xc7z020clg484-1
------------------------------------------------------------------------------------

Upgrade Log for IP 'design_1_AXI_FIFO_0_0'

1. Summary
----------

SUCCESS in the conversion of design_1_AXI_FIFO_0_0 (xilinx.com:user:AXI_FIFO:1.0 (Rev. 13)) to Vivado generation flows.






Copyright 1986-2019 Xilinx, Inc. All Rights Reserved.
------------------------------------------------------------------------------------
| Tool Version : Vivado v.2019.1 (win64) Build 2552052 Fri May 24 14:49:42 MDT 2019
| Date         : Tue May 31 21:48:23 2022
| Host         : DESKTOP-L02VVP3 running 64-bit major release  (build 9200)
| Command      : upgrade_ip
| Device       : xc7z020clg484-1
------------------------------------------------------------------------------------

Upgrade Log for IP 'design_1_AXI_FIFO_0_0'

1. Summary
----------

SUCCESS in the upgrade of design_1_AXI_FIFO_0_0 (xilinx.com:user:AXI_FIFO:1.0) from (Rev. 12) to (Rev. 13)






Copyright 1986-2019 Xilinx, Inc. All Rights Reserved.
------------------------------------------------------------------------------------
| Tool Version : Vivado v.2019.1 (win64) Build 2552052 Fri May 24 14:49:42 MDT 2019
| Date         : Tue May 31 21:44:59 2022
| Host         : DESKTOP-L02VVP3 running 64-bit major release  (build 9200)
| Command      : upgrade_ip
| Device       : xc7z020clg484-1
------------------------------------------------------------------------------------

Upgrade Log for IP 'design_1_AXI_FIFO_0_0'

1. Summary
----------

SUCCESS in the upgrade of design_1_AXI_FIFO_0_0 (xilinx.com:user:AXI_FIFO:1.0) from (Rev. 11) to (Rev. 12)






Copyright 1986-2019 Xilinx, Inc. All Rights Reserved.
------------------------------------------------------------------------------------
| Tool Version : Vivado v.2019.1 (win64) Build 2552052 Fri May 24 14:49:42 MDT 2019
| Date         : Tue May 31 21:34:09 2022
| Host         : DESKTOP-L02VVP3 running 64-bit major release  (build 9200)
| Command      : upgrade_ip
| Device       : xc7z020clg484-1
------------------------------------------------------------------------------------

Upgrade Log for IP 'design_1_AXI_FIFO_0_0'

1. Summary
----------

SUCCESS in the upgrade of design_1_AXI_FIFO_0_0 (xilinx.com:user:AXI_FIFO:1.0) from (Rev. 10) to (Rev. 11)






Copyright 1986-2019 Xilinx, Inc. All Rights Reserved.
------------------------------------------------------------------------------------
| Tool Version : Vivado v.2019.1 (win64) Build 2552052 Fri May 24 14:49:42 MDT 2019
| Date         : Tue May 31 21:26:21 2022
| Host         : DESKTOP-L02VVP3 running 64-bit major release  (build 9200)
| Command      : upgrade_ip
| Device       : xc7z020clg484-1
------------------------------------------------------------------------------------

Upgrade Log for IP 'design_1_AXI_FIFO_0_0'

1. Summary
----------

SUCCESS in the upgrade of design_1_AXI_FIFO_0_0 (xilinx.com:user:AXI_FIFO:1.0) from (Rev. 9) to (Rev. 10)






Copyright 1986-2019 Xilinx, Inc. All Rights Reserved.
------------------------------------------------------------------------------------
| Tool Version : Vivado v.2019.1 (win64) Build 2552052 Fri May 24 14:49:42 MDT 2019
| Date         : Tue May 31 21:14:52 2022
| Host         : DESKTOP-L02VVP3 running 64-bit major release  (build 9200)
| Command      : upgrade_ip
| Device       : xc7z020clg484-1
------------------------------------------------------------------------------------

Upgrade Log for IP 'design_1_AXI_FIFO_0_0'

1. Summary
----------

SUCCESS in the upgrade of design_1_AXI_FIFO_0_0 (xilinx.com:user:AXI_FIFO:1.0) from (Rev. 8) to (Rev. 9)






Copyright 1986-2019 Xilinx, Inc. All Rights Reserved.
------------------------------------------------------------------------------------
| Tool Version : Vivado v.2019.1 (win64) Build 2552052 Fri May 24 14:49:42 MDT 2019
| Date         : Tue May 31 20:51:00 2022
| Host         : DESKTOP-L02VVP3 running 64-bit major release  (build 9200)
| Command      : upgrade_ip
| Device       : xc7z020clg484-1
------------------------------------------------------------------------------------

Upgrade Log for IP 'design_1_AXI_FIFO_0_0'

1. Summary
----------

SUCCESS in the upgrade of design_1_AXI_FIFO_0_0 (xilinx.com:user:AXI_FIFO:1.0) from (Rev. 6) to (Rev. 8)






Copyright 1986-2019 Xilinx, Inc. All Rights Reserved.
------------------------------------------------------------------------------------
| Tool Version : Vivado v.2019.1 (win64) Build 2552052 Fri May 24 14:49:42 MDT 2019
| Date         : Tue May 31 20:46:32 2022
| Host         : DESKTOP-L02VVP3 running 64-bit major release  (build 9200)
| Command      : upgrade_ip
| Device       : xc7z020clg484-1
------------------------------------------------------------------------------------

Upgrade Log for IP 'design_1_AXI_FIFO_0_0'

1. Summary
----------

SUCCESS in the conversion of design_1_AXI_FIFO_0_0 (xilinx.com:user:AXI_FIFO:1.0 (Rev. 6)) to Vivado generation flows.






Copyright 1986-2019 Xilinx, Inc. All Rights Reserved.
------------------------------------------------------------------------------------
| Tool Version : Vivado v.2019.1 (win64) Build 2552052 Fri May 24 14:49:42 MDT 2019
| Date         : Tue May 31 20:38:13 2022
| Host         : DESKTOP-L02VVP3 running 64-bit major release  (build 9200)
| Command      : upgrade_ip
| Device       : xc7z020clg484-1
------------------------------------------------------------------------------------

Upgrade Log for IP 'design_1_AXI_FIFO_0_0'

1. Summary
----------

SUCCESS in the upgrade of design_1_AXI_FIFO_0_0 (xilinx.com:user:AXI_FIFO:1.0) from (Rev. 5) to (Rev. 6)






Copyright 1986-2019 Xilinx, Inc. All Rights Reserved.
------------------------------------------------------------------------------------
| Tool Version : Vivado v.2019.1 (win64) Build 2552052 Fri May 24 14:49:42 MDT 2019
| Date         : Tue May 31 20:34:03 2022
| Host         : DESKTOP-L02VVP3 running 64-bit major release  (build 9200)
| Command      : upgrade_ip
| Device       : xc7z020clg484-1
------------------------------------------------------------------------------------

Upgrade Log for IP 'design_1_AXI_FIFO_0_0'

1. Summary
----------

SUCCESS in the upgrade of design_1_AXI_FIFO_0_0 (xilinx.com:user:AXI_FIFO:1.0) from (Rev. 4) to (Rev. 5)






Copyright 1986-2019 Xilinx, Inc. All Rights Reserved.
------------------------------------------------------------------------------------
| Tool Version : Vivado v.2019.1 (win64) Build 2552052 Fri May 24 14:49:42 MDT 2019
| Date         : Mon May 30 23:58:58 2022
| Host         : DESKTOP-L02VVP3 running 64-bit major release  (build 9200)
| Command      : upgrade_ip
| Device       : xc7z020clg484-1
------------------------------------------------------------------------------------

Upgrade Log for IP 'design_1_AXI_FIFO_0_0'

1. Summary
----------

SUCCESS in the upgrade of design_1_AXI_FIFO_0_0 (xilinx.com:user:AXI_FIFO:1.0) from (Rev. 2) to (Rev. 4)

