Vivado Simulator 2019.1
Time resolution is 1 ps
Xilinx AXI4STREAM VIP Found at Path: tb.design_1_wrapper.design_1_i.axi4stream_vip_0.inst
Xilinx AXI4STREAM VIP Found at Path: tb.design_1_wrapper.design_1_i.axi4stream_vip_1.inst
Starting test!
Writing b486 to FIFO. Element nr    0
Writing 1c89 to FIFO. Element nr    1
Writing 90a3 to FIFO. Element nr    2
Writing cc44 to FIFO. Element nr    3
Writing 2ae9 to FIFO. Element nr    4
Writing ceba to FIFO. Element nr    5
Writing 8c9a to FIFO. Element nr    6
Writing feb6 to FIFO. Element nr    7
Writing 83cc to FIFO. Element nr    8
Writing 7010 to FIFO. Element nr    9
Reading b486 from FIFO. Element nr    0. Was: b486
Reading 1c89 from FIFO. Element nr    1. Was: 1c89
Reading 90a3 from FIFO. Element nr    2. Was: 90a3
Reading cc44 from FIFO. Element nr    3. Was: cc44
Reading 2ae9 from FIFO. Element nr    4. Was: 2ae9
Reading ceba from FIFO. Element nr    5. Was: ceba
Reading 8c9a from FIFO. Element nr    6. Was: 8c9a
Reading feb6 from FIFO. Element nr    7. Was: feb6
Reading 83cc from FIFO. Element nr    8. Was: 83cc
Reading 7010 from FIFO. Element nr    9. Was: 7010
#################################################################### Test PASSED!!! ####################################################################
$finish called at time : 24000001 ps : File "C:/Users/kacpe/OneDrive/Pulpit/Projekt_SDUP/Projekt_SDUP.srcs/sources_1/new/tb.v" Line 79
